TN:
SF:modules\APIManager.js
FN:5,(anonymous_0)
FN:9,(anonymous_1)
FN:48,(anonymous_2)
FN:132,(anonymous_3)
FN:158,(anonymous_4)
FN:160,(anonymous_5)
FN:162,(anonymous_6)
FN:202,(anonymous_7)
FN:227,(anonymous_8)
FN:239,(anonymous_9)
FN:242,(anonymous_10)
FN:253,(anonymous_11)
FN:257,(anonymous_12)
FN:474,(anonymous_13)
FN:479,(anonymous_14)
FN:483,(anonymous_15)
FN:488,(anonymous_16)
FN:494,(anonymous_17)
FN:548,(anonymous_18)
FN:604,(anonymous_19)
FN:613,(anonymous_20)
FN:615,(anonymous_21)
FN:625,(anonymous_22)
FN:633,(anonymous_23)
FN:644,(anonymous_24)
FN:661,(anonymous_25)
FN:680,(anonymous_26)
FN:691,(anonymous_27)
FN:702,(anonymous_28)
FN:710,(anonymous_29)
FN:728,(anonymous_30)
FN:751,(anonymous_31)
FN:776,(anonymous_32)
FN:789,(anonymous_33)
FNF:34
FNH:0
FNDA:0,(anonymous_0)
FNDA:0,(anonymous_1)
FNDA:0,(anonymous_2)
FNDA:0,(anonymous_3)
FNDA:0,(anonymous_4)
FNDA:0,(anonymous_5)
FNDA:0,(anonymous_6)
FNDA:0,(anonymous_7)
FNDA:0,(anonymous_8)
FNDA:0,(anonymous_9)
FNDA:0,(anonymous_10)
FNDA:0,(anonymous_11)
FNDA:0,(anonymous_12)
FNDA:0,(anonymous_13)
FNDA:0,(anonymous_14)
FNDA:0,(anonymous_15)
FNDA:0,(anonymous_16)
FNDA:0,(anonymous_17)
FNDA:0,(anonymous_18)
FNDA:0,(anonymous_19)
FNDA:0,(anonymous_20)
FNDA:0,(anonymous_21)
FNDA:0,(anonymous_22)
FNDA:0,(anonymous_23)
FNDA:0,(anonymous_24)
FNDA:0,(anonymous_25)
FNDA:0,(anonymous_26)
FNDA:0,(anonymous_27)
FNDA:0,(anonymous_28)
FNDA:0,(anonymous_29)
FNDA:0,(anonymous_30)
FNDA:0,(anonymous_31)
FNDA:0,(anonymous_32)
FNDA:0,(anonymous_33)
DA:10,0
DA:11,0
DA:14,0
DA:15,0
DA:18,0
DA:19,0
DA:20,0
DA:21,0
DA:22,0
DA:23,0
DA:24,0
DA:26,0
DA:29,0
DA:33,0
DA:34,0
DA:35,0
DA:36,0
DA:39,0
DA:40,0
DA:43,0
DA:44,0
DA:49,0
DA:51,0
DA:53,0
DA:56,0
DA:57,0
DA:59,0
DA:64,0
DA:65,0
DA:68,0
DA:77,0
DA:78,0
DA:80,0
DA:87,0
DA:89,0
DA:90,0
DA:91,0
DA:94,0
DA:97,0
DA:98,0
DA:99,0
DA:101,0
DA:103,0
DA:104,0
DA:105,0
DA:108,0
DA:109,0
DA:110,0
DA:111,0
DA:113,0
DA:114,0
DA:116,0
DA:117,0
DA:118,0
DA:119,0
DA:120,0
DA:123,0
DA:127,0
DA:128,0
DA:133,0
DA:135,0
DA:136,0
DA:138,0
DA:142,0
DA:143,0
DA:146,0
DA:147,0
DA:149,0
DA:150,0
DA:153,0
DA:154,0
DA:160,0
DA:161,0
DA:162,0
DA:163,0
DA:164,0
DA:165,0
DA:166,0
DA:167,0
DA:169,0
DA:170,0
DA:171,0
DA:172,0
DA:173,0
DA:174,0
DA:175,0
DA:176,0
DA:177,0
DA:180,0
DA:181,0
DA:182,0
DA:183,0
DA:184,0
DA:186,0
DA:191,0
DA:192,0
DA:193,0
DA:194,0
DA:195,0
DA:197,0
DA:204,0
DA:205,0
DA:206,0
DA:210,0
DA:211,0
DA:212,0
DA:213,0
DA:214,0
DA:218,0
DA:219,0
DA:220,0
DA:223,0
DA:224,0
DA:229,0
DA:232,0
DA:233,0
DA:235,0
DA:236,0
DA:238,0
DA:239,0
DA:240,0
DA:242,0
DA:243,0
DA:249,0
DA:250,0
DA:254,0
DA:259,0
DA:260,0
DA:263,0
DA:266,0
DA:267,0
DA:268,0
DA:284,0
DA:449,0
DA:450,0
DA:464,0
DA:467,0
DA:470,0
DA:473,0
DA:474,0
DA:475,0
DA:476,0
DA:479,0
DA:480,0
DA:483,0
DA:484,0
DA:488,0
DA:489,0
DA:490,0
DA:496,0
DA:510,0
DA:513,0
DA:514,0
DA:515,0
DA:516,0
DA:518,0
DA:521,0
DA:522,0
DA:525,0
DA:528,0
DA:530,0
DA:531,0
DA:532,0
DA:533,0
DA:534,0
DA:537,0
DA:539,0
DA:542,0
DA:544,0
DA:549,0
DA:552,0
DA:553,0
DA:554,0
DA:575,0
DA:588,0
DA:589,0
DA:596,0
DA:598,0
DA:601,0
DA:605,0
DA:606,0
DA:607,0
DA:608,0
DA:609,0
DA:610,0
DA:613,0
DA:614,0
DA:615,0
DA:616,0
DA:617,0
DA:625,0
DA:626,0
DA:627,0
DA:628,0
DA:629,0
DA:633,0
DA:634,0
DA:635,0
DA:636,0
DA:638,0
DA:639,0
DA:644,0
DA:645,0
DA:646,0
DA:647,0
DA:649,0
DA:650,0
DA:651,0
DA:652,0
DA:655,0
DA:656,0
DA:657,0
DA:661,0
DA:662,0
DA:664,0
DA:665,0
DA:666,0
DA:667,0
DA:668,0
DA:669,0
DA:671,0
DA:672,0
DA:675,0
DA:676,0
DA:680,0
DA:681,0
DA:682,0
DA:683,0
DA:684,0
DA:685,0
DA:691,0
DA:692,0
DA:693,0
DA:697,0
DA:698,0
DA:699,0
DA:702,0
DA:703,0
DA:712,0
DA:713,0
DA:714,0
DA:715,0
DA:716,0
DA:717,0
DA:718,0
DA:722,0
DA:723,0
DA:724,0
DA:729,0
DA:730,0
DA:733,0
DA:734,0
DA:735,0
DA:736,0
DA:740,0
DA:741,0
DA:742,0
DA:743,0
DA:747,0
DA:750,0
DA:751,0
DA:752,0
DA:753,0
DA:755,0
DA:761,0
DA:764,0
DA:765,0
DA:766,0
DA:768,0
DA:769,0
DA:770,0
DA:773,0
DA:776,0
DA:777,0
DA:780,0
DA:783,0
DA:784,0
DA:785,0
DA:790,0
DA:791,0
DA:792,0
DA:793,0
DA:794,0
DA:797,0
DA:799,0
DA:800,0
DA:805,0
DA:811,0
DA:813,0
DA:814,0
DA:815,0
DA:816,0
DA:818,0
DA:819,0
DA:821,0
DA:822,0
DA:823,0
DA:824,0
DA:826,0
DA:831,0
DA:832,0
DA:838,0
LF:302
LH:0
BRDA:15,0,0,0
BRDA:15,0,1,0
BRDA:19,1,0,0
BRDA:19,1,1,0
BRDA:22,2,0,0
BRDA:22,2,1,0
BRDA:34,3,0,0
BRDA:34,3,1,0
BRDA:57,4,0,0
BRDA:57,4,1,0
BRDA:64,5,0,0
BRDA:64,5,1,0
BRDA:69,6,0,0
BRDA:69,6,1,0
BRDA:69,7,0,0
BRDA:69,7,1,0
BRDA:89,8,0,0
BRDA:89,8,1,0
BRDA:97,9,0,0
BRDA:97,9,1,0
BRDA:108,10,0,0
BRDA:108,10,1,0
BRDA:109,11,0,0
BRDA:109,11,1,0
BRDA:116,12,0,0
BRDA:116,12,1,0
BRDA:119,13,0,0
BRDA:119,13,1,0
BRDA:138,14,0,0
BRDA:138,14,1,0
BRDA:161,15,0,0
BRDA:161,15,1,0
BRDA:161,16,0,0
BRDA:161,16,1,0
BRDA:161,16,2,0
BRDA:163,17,0,0
BRDA:163,17,1,0
BRDA:166,18,0,0
BRDA:166,18,1,0
BRDA:170,19,0,0
BRDA:170,19,1,0
BRDA:171,20,0,0
BRDA:171,20,1,0
BRDA:175,21,0,0
BRDA:175,21,1,0
BRDA:181,22,0,0
BRDA:181,22,1,0
BRDA:182,23,0,0
BRDA:182,23,1,0
BRDA:192,24,0,0
BRDA:192,24,1,0
BRDA:193,25,0,0
BRDA:193,25,1,0
BRDA:204,26,0,0
BRDA:204,26,1,0
BRDA:204,27,0,0
BRDA:204,27,1,0
BRDA:210,28,0,0
BRDA:210,28,1,0
BRDA:210,29,0,0
BRDA:210,29,1,0
BRDA:218,30,0,0
BRDA:218,30,1,0
BRDA:233,31,0,0
BRDA:233,31,1,0
BRDA:238,32,0,0
BRDA:238,32,1,0
BRDA:238,33,0,0
BRDA:238,33,1,0
BRDA:238,33,2,0
BRDA:240,34,0,0
BRDA:240,34,1,0
BRDA:260,35,0,0
BRDA:260,35,1,0
BRDA:490,36,0,0
BRDA:490,36,1,0
BRDA:518,37,0,0
BRDA:518,37,1,0
BRDA:518,38,0,0
BRDA:518,38,1,0
BRDA:518,38,2,0
BRDA:518,38,3,0
BRDA:525,39,0,0
BRDA:525,39,1,0
BRDA:528,40,0,0
BRDA:528,40,1,0
BRDA:634,41,0,0
BRDA:634,41,1,0
BRDA:646,42,0,0
BRDA:646,42,1,0
BRDA:647,43,0,0
BRDA:647,43,1,0
BRDA:649,44,0,0
BRDA:649,44,1,0
BRDA:649,45,0,0
BRDA:649,45,1,0
BRDA:664,46,0,0
BRDA:664,46,1,0
BRDA:664,47,0,0
BRDA:664,47,1,0
BRDA:667,48,0,0
BRDA:667,48,1,0
BRDA:676,49,0,0
BRDA:676,49,1,0
BRDA:682,50,0,0
BRDA:682,50,1,0
BRDA:684,51,0,0
BRDA:684,51,1,0
BRDA:692,52,0,0
BRDA:692,52,1,0
BRDA:692,53,0,0
BRDA:692,53,1,0
BRDA:703,54,0,0
BRDA:703,54,1,0
BRDA:712,55,0,0
BRDA:712,55,1,0
BRDA:722,56,0,0
BRDA:722,56,1,0
BRDA:730,57,0,0
BRDA:730,57,1,0
BRDA:733,58,0,0
BRDA:733,58,1,0
BRDA:733,59,0,0
BRDA:733,59,1,0
BRDA:740,60,0,0
BRDA:740,60,1,0
BRDA:740,61,0,0
BRDA:740,61,1,0
BRDA:750,62,0,0
BRDA:750,62,1,0
BRDA:750,63,0,0
BRDA:750,63,1,0
BRDA:750,63,2,0
BRDA:752,64,0,0
BRDA:752,64,1,0
BRDA:765,65,0,0
BRDA:765,65,1,0
BRDA:792,66,0,0
BRDA:792,66,1,0
BRDA:813,67,0,0
BRDA:813,67,1,0
BRDA:815,68,0,0
BRDA:815,68,1,0
BRDA:821,69,0,0
BRDA:821,69,1,0
BRDA:823,70,0,0
BRDA:823,70,1,0
BRF:147
BRH:0
end_of_record
TN:
SF:modules\AuthManager.js
FN:5,(anonymous_0)
FN:16,(anonymous_1)
FN:34,(anonymous_2)
FN:73,(anonymous_3)
FN:112,(anonymous_4)
FN:150,(anonymous_5)
FN:171,(anonymous_6)
FN:213,(anonymous_7)
FN:257,(anonymous_8)
FN:265,(anonymous_9)
FN:273,(anonymous_10)
FN:283,(anonymous_11)
FN:300,(anonymous_12)
FN:341,(anonymous_13)
FN:358,(anonymous_14)
FN:377,(anonymous_15)
FN:398,(anonymous_16)
FN:416,(anonymous_17)
FN:445,(anonymous_18)
FN:452,(anonymous_19)
FNF:20
FNH:0
FNDA:0,(anonymous_0)
FNDA:0,(anonymous_1)
FNDA:0,(anonymous_2)
FNDA:0,(anonymous_3)
FNDA:0,(anonymous_4)
FNDA:0,(anonymous_5)
FNDA:0,(anonymous_6)
FNDA:0,(anonymous_7)
FNDA:0,(anonymous_8)
FNDA:0,(anonymous_9)
FNDA:0,(anonymous_10)
FNDA:0,(anonymous_11)
FNDA:0,(anonymous_12)
FNDA:0,(anonymous_13)
FNDA:0,(anonymous_14)
FNDA:0,(anonymous_15)
FNDA:0,(anonymous_16)
FNDA:0,(anonymous_17)
FNDA:0,(anonymous_18)
FNDA:0,(anonymous_19)
DA:6,0
DA:7,0
DA:8,0
DA:9,0
DA:10,0
DA:11,0
DA:13,0
DA:17,0
DA:19,0
DA:20,0
DA:21,0
DA:23,0
DA:24,0
DA:35,0
DA:36,0
DA:41,0
DA:42,0
DA:43,0
DA:45,0
DA:46,0
DA:49,0
DA:50,0
DA:52,0
DA:59,0
DA:62,0
DA:63,0
DA:74,0
DA:75,0
DA:80,0
DA:81,0
DA:82,0
DA:89,0
DA:90,0
DA:91,0
DA:93,0
DA:100,0
DA:103,0
DA:104,0
DA:113,0
DA:114,0
DA:115,0
DA:120,0
DA:121,0
DA:122,0
DA:123,0
DA:125,0
DA:126,0
DA:131,0
DA:133,0
DA:134,0
DA:135,0
DA:136,0
DA:138,0
DA:151,0
DA:152,0
DA:156,0
DA:157,0
DA:162,0
DA:163,0
DA:172,0
DA:174,0
DA:175,0
DA:179,0
DA:180,0
DA:181,0
DA:182,0
DA:183,0
DA:187,0
DA:188,0
DA:189,0
DA:190,0
DA:195,0
DA:196,0
DA:197,0
DA:198,0
DA:200,0
DA:201,0
DA:202,0
DA:203,0
DA:204,0
DA:214,0
DA:215,0
DA:219,0
DA:220,0
DA:227,0
DA:228,0
DA:229,0
DA:231,0
DA:232,0
DA:237,0
DA:240,0
DA:241,0
DA:242,0
DA:243,0
DA:244,0
DA:246,0
DA:258,0
DA:266,0
DA:274,0
DA:275,0
DA:284,0
DA:285,0
DA:286,0
DA:301,0
DA:302,0
DA:308,0
DA:313,0
DA:314,0
DA:317,0
DA:319,0
DA:320,0
DA:321,0
DA:322,0
DA:323,0
DA:324,0
DA:325,0
DA:326,0
DA:331,0
DA:334,0
DA:342,0
DA:343,0
DA:346,0
DA:348,0
DA:350,0
DA:359,0
DA:360,0
DA:361,0
DA:363,0
DA:365,0
DA:366,0
DA:367,0
DA:369,0
DA:378,0
DA:379,0
DA:380,0
DA:382,0
DA:386,0
DA:387,0
DA:399,0
DA:400,0
DA:403,0
DA:404,0
DA:405,0
DA:407,0
DA:417,0
DA:419,0
DA:420,0
DA:421,0
DA:422,0
DA:423,0
DA:424,0
DA:425,0
DA:426,0
DA:427,0
DA:428,0
DA:429,0
DA:430,0
DA:431,0
DA:432,0
DA:435,0
DA:446,0
DA:452,0
DA:453,0
DA:454,0
DA:456,0
DA:463,0
LF:166
LH:0
BRDA:41,0,0,0
BRDA:41,0,1,0
BRDA:45,1,0,0
BRDA:45,1,1,0
BRDA:80,2,0,0
BRDA:80,2,1,0
BRDA:80,3,0,0
BRDA:80,3,1,0
BRDA:114,4,0,0
BRDA:114,4,1,0
BRDA:174,5,0,0
BRDA:174,5,1,0
BRDA:174,6,0,0
BRDA:174,6,1,0
BRDA:180,7,0,0
BRDA:180,7,1,0
BRDA:180,8,0,0
BRDA:180,8,1,0
BRDA:187,9,0,0
BRDA:187,9,1,0
BRDA:189,10,0,0
BRDA:189,10,1,0
BRDA:219,11,0,0
BRDA:219,11,1,0
BRDA:258,12,0,0
BRDA:258,12,1,0
BRDA:258,12,2,0
BRDA:274,13,0,0
BRDA:274,13,1,0
BRDA:285,14,0,0
BRDA:285,14,1,0
BRDA:300,15,0,0
BRDA:300,16,0,0
BRDA:313,17,0,0
BRDA:313,17,1,0
BRDA:313,18,0,0
BRDA:313,18,1,0
BRDA:313,18,2,0
BRDA:319,19,0,0
BRDA:319,19,1,0
BRDA:323,20,0,0
BRDA:323,20,1,0
BRDA:325,21,0,0
BRDA:325,21,1,0
BRDA:361,22,0,0
BRDA:361,22,1,0
BRDA:367,23,0,0
BRDA:367,23,1,0
BRDA:399,24,0,0
BRDA:399,24,1,0
BRDA:399,25,0,0
BRDA:399,25,1,0
BRDA:399,25,2,0
BRDA:419,26,0,0
BRDA:419,26,1,0
BRDA:421,27,0,0
BRDA:421,27,1,0
BRDA:423,28,0,0
BRDA:423,28,1,0
BRDA:425,29,0,0
BRDA:425,29,1,0
BRDA:427,30,0,0
BRDA:427,30,1,0
BRDA:429,31,0,0
BRDA:429,31,1,0
BRDA:429,32,0,0
BRDA:429,32,1,0
BRDA:431,33,0,0
BRDA:431,33,1,0
BRF:69
BRH:0
end_of_record
TN:
SF:modules\ChatManager.js
FN:5,(anonymous_0)
FN:15,(anonymous_1)
FN:16,(anonymous_2)
FN:23,(anonymous_3)
FN:34,(anonymous_4)
FN:82,(anonymous_5)
FN:123,(anonymous_6)
FN:129,(anonymous_7)
FN:142,(anonymous_8)
FN:157,(anonymous_9)
FN:201,(anonymous_10)
FN:206,(anonymous_11)
FN:213,(anonymous_12)
FN:216,(anonymous_13)
FN:227,(anonymous_14)
FN:237,(anonymous_15)
FN:241,(anonymous_16)
FN:293,(anonymous_17)
FN:304,(anonymous_18)
FN:320,(anonymous_19)
FN:325,(anonymous_20)
FN:344,(anonymous_21)
FN:349,(anonymous_22)
FN:374,(anonymous_23)
FN:380,(anonymous_24)
FN:402,(anonymous_25)
FN:411,(anonymous_26)
FN:413,(anonymous_27)
FN:419,(anonymous_28)
FNF:29
FNH:0
FNDA:0,(anonymous_0)
FNDA:0,(anonymous_1)
FNDA:0,(anonymous_2)
FNDA:0,(anonymous_3)
FNDA:0,(anonymous_4)
FNDA:0,(anonymous_5)
FNDA:0,(anonymous_6)
FNDA:0,(anonymous_7)
FNDA:0,(anonymous_8)
FNDA:0,(anonymous_9)
FNDA:0,(anonymous_10)
FNDA:0,(anonymous_11)
FNDA:0,(anonymous_12)
FNDA:0,(anonymous_13)
FNDA:0,(anonymous_14)
FNDA:0,(anonymous_15)
FNDA:0,(anonymous_16)
FNDA:0,(anonymous_17)
FNDA:0,(anonymous_18)
FNDA:0,(anonymous_19)
FNDA:0,(anonymous_20)
FNDA:0,(anonymous_21)
FNDA:0,(anonymous_22)
FNDA:0,(anonymous_23)
FNDA:0,(anonymous_24)
FNDA:0,(anonymous_25)
FNDA:0,(anonymous_26)
FNDA:0,(anonymous_27)
FNDA:0,(anonymous_28)
DA:6,0
DA:7,0
DA:8,0
DA:9,0
DA:10,0
DA:11,0
DA:16,0
DA:17,0
DA:18,0
DA:19,0
DA:24,0
DA:26,0
DA:27,0
DA:29,0
DA:30,0
DA:36,0
DA:38,0
DA:40,0
DA:41,0
DA:48,0
DA:49,0
DA:50,0
DA:53,0
DA:58,0
DA:59,0
DA:60,0
DA:67,0
DA:69,0
DA:70,0
DA:71,0
DA:73,0
DA:76,0
DA:78,0
DA:83,0
DA:84,0
DA:85,0
DA:95,0
DA:96,0
DA:99,0
DA:101,0
DA:103,0
DA:104,0
DA:105,0
DA:106,0
DA:111,0
DA:114,0
DA:115,0
DA:117,0
DA:118,0
DA:119,0
DA:124,0
DA:125,0
DA:126,0
DA:130,0
DA:131,0
DA:134,0
DA:135,0
DA:142,0
DA:150,0
DA:152,0
DA:153,0
DA:158,0
DA:167,0
DA:170,0
DA:171,0
DA:173,0
DA:180,0
DA:183,0
DA:184,0
DA:186,0
DA:189,0
DA:191,0
DA:192,0
DA:195,0
DA:198,0
DA:202,0
DA:203,0
DA:207,0
DA:208,0
DA:209,0
DA:214,0
DA:215,0
DA:216,0
DA:219,0
DA:220,0
DA:227,0
DA:235,0
DA:236,0
DA:237,0
DA:242,0
DA:243,0
DA:247,0
DA:248,0
DA:249,0
DA:250,0
DA:251,0
DA:255,0
DA:256,0
DA:258,0
DA:259,0
DA:261,0
DA:269,0
DA:271,0
DA:272,0
DA:273,0
DA:274,0
DA:276,0
DA:279,0
DA:282,0
DA:283,0
DA:284,0
DA:285,0
DA:286,0
DA:287,0
DA:290,0
DA:291,0
DA:293,0
DA:294,0
DA:298,0
DA:299,0
DA:305,0
DA:306,0
DA:314,0
DA:315,0
DA:316,0
DA:317,0
DA:321,0
DA:323,0
DA:324,0
DA:325,0
DA:327,0
DA:328,0
DA:329,0
DA:331,0
DA:334,0
DA:336,0
DA:337,0
DA:339,0
DA:340,0
DA:345,0
DA:347,0
DA:348,0
DA:349,0
DA:351,0
DA:352,0
DA:353,0
DA:354,0
DA:355,0
DA:357,0
DA:360,0
DA:361,0
DA:368,0
DA:370,0
DA:375,0
DA:376,0
DA:381,0
DA:382,0
DA:385,0
DA:386,0
DA:387,0
DA:394,0
DA:396,0
DA:397,0
DA:404,0
DA:405,0
DA:406,0
DA:407,0
DA:412,0
DA:413,0
DA:414,0
DA:416,0
DA:420,0
DA:425,0
LF:173
LH:0
BRDA:18,0,0,0
BRDA:18,0,1,0
BRDA:38,1,0,0
BRDA:38,1,1,0
BRDA:48,2,0,0
BRDA:48,2,1,0
BRDA:48,3,0,0
BRDA:48,3,1,0
BRDA:69,4,0,0
BRDA:69,4,1,0
BRDA:69,5,0,0
BRDA:69,5,1,0
BRDA:82,6,0,0
BRDA:82,7,0,0
BRDA:95,8,0,0
BRDA:95,8,1,0
BRDA:95,9,0,0
BRDA:95,9,1,0
BRDA:95,9,2,0
BRDA:101,10,0,0
BRDA:101,10,1,0
BRDA:106,11,0,0
BRDA:106,11,1,0
BRDA:115,12,0,0
BRDA:115,12,1,0
BRDA:125,13,0,0
BRDA:125,13,1,0
BRDA:130,14,0,0
BRDA:130,14,1,0
BRDA:130,15,0,0
BRDA:130,15,1,0
BRDA:157,16,0,0
BRDA:170,17,0,0
BRDA:170,17,1,0
BRDA:170,18,0,0
BRDA:170,18,1,0
BRDA:183,19,0,0
BRDA:183,19,1,0
BRDA:183,20,0,0
BRDA:183,20,1,0
BRDA:214,21,0,0
BRDA:214,21,1,0
BRDA:215,22,0,0
BRDA:215,22,1,0
BRDA:236,23,0,0
BRDA:236,23,1,0
BRDA:242,24,0,0
BRDA:242,24,1,0
BRDA:248,25,0,0
BRDA:248,25,1,0
BRDA:263,26,0,0
BRDA:263,26,1,0
BRDA:271,27,0,0
BRDA:271,27,1,0
BRDA:271,28,0,0
BRDA:271,28,1,0
BRDA:282,29,0,0
BRDA:282,29,1,0
BRDA:284,30,0,0
BRDA:284,30,1,0
BRDA:290,31,0,0
BRDA:290,31,1,0
BRDA:305,32,0,0
BRDA:305,32,1,0
BRDA:308,33,0,0
BRDA:308,33,1,0
BRDA:323,34,0,0
BRDA:323,34,1,0
BRDA:324,35,0,0
BRDA:324,35,1,0
BRDA:327,36,0,0
BRDA:327,36,1,0
BRDA:328,37,0,0
BRDA:328,37,1,0
BRDA:345,38,0,0
BRDA:345,38,1,0
BRDA:347,39,0,0
BRDA:347,39,1,0
BRDA:348,40,0,0
BRDA:348,40,1,0
BRDA:351,41,0,0
BRDA:351,41,1,0
BRDA:381,42,0,0
BRDA:381,42,1,0
BRDA:386,43,0,0
BRDA:386,43,1,0
BRDA:394,44,0,0
BRDA:394,44,1,0
BRDA:394,45,0,0
BRDA:394,45,1,0
BRDA:404,46,0,0
BRDA:404,46,1,0
BRDA:404,47,0,0
BRDA:404,47,1,0
BRDA:406,48,0,0
BRDA:406,48,1,0
BRDA:412,49,0,0
BRDA:412,49,1,0
BRDA:414,50,0,0
BRDA:414,50,1,0
BRF:100
BRH:0
end_of_record
TN:
SF:modules\UIManager.js
FN:5,(anonymous_0)
FN:10,(anonymous_1)
FN:39,(anonymous_2)
FN:46,(anonymous_3)
FN:250,(anonymous_4)
FN:260,(anonymous_5)
FN:266,(anonymous_6)
FN:271,(anonymous_7)
FN:283,(anonymous_8)
FN:289,(anonymous_9)
FN:294,(anonymous_10)
FN:306,(anonymous_11)
FN:312,(anonymous_12)
FN:317,(anonymous_13)
FN:338,(anonymous_14)
FN:347,(anonymous_15)
FN:355,(anonymous_16)
FN:366,(anonymous_17)
FN:367,(anonymous_18)
FN:378,(anonymous_19)
FN:386,(anonymous_20)
FN:427,(anonymous_21)
FN:431,(anonymous_22)
FN:440,(anonymous_23)
FN:469,(anonymous_24)
FN:483,(anonymous_25)
FN:523,(anonymous_26)
FN:568,(anonymous_27)
FN:580,(anonymous_28)
FN:598,(anonymous_29)
FN:612,(anonymous_30)
FN:621,(anonymous_31)
FN:651,(anonymous_32)
FN:660,(anonymous_33)
FN:701,(anonymous_34)
FN:703,(anonymous_35)
FN:704,(anonymous_36)
FN:711,(anonymous_37)
FN:716,(anonymous_38)
FN:723,(anonymous_39)
FN:747,(anonymous_40)
FN:785,(anonymous_41)
FN:789,(anonymous_42)
FN:795,(anonymous_43)
FN:803,(anonymous_44)
FN:810,(anonymous_45)
FN:819,(anonymous_46)
FN:913,(anonymous_47)
FN:915,(anonymous_48)
FN:953,(anonymous_49)
FN:986,(anonymous_50)
FN:992,(anonymous_51)
FN:1007,(anonymous_52)
FN:1026,(anonymous_53)
FN:1027,(anonymous_54)
FN:1029,(anonymous_55)
FN:1050,(anonymous_56)
FN:1057,(anonymous_57)
FN:1285,(anonymous_58)
FN:1290,(anonymous_59)
FN:1299,(anonymous_60)
FN:1306,(anonymous_61)
FN:1311,(anonymous_62)
FN:1320,(anonymous_63)
FN:1324,(anonymous_64)
FN:1330,(anonymous_65)
FN:1340,(anonymous_66)
FN:1344,(anonymous_67)
FN:1350,(anonymous_68)
FN:1356,(anonymous_69)
FN:1360,(anonymous_70)
FN:1366,(anonymous_71)
FN:1375,(anonymous_72)
FN:1379,(anonymous_73)
FN:1387,(anonymous_74)
FN:1394,(anonymous_75)
FN:1546,(anonymous_76)
FN:1585,(anonymous_77)
FN:1591,(anonymous_78)
FN:1596,(anonymous_79)
FN:1612,(anonymous_80)
FN:1620,(anonymous_81)
FN:1625,(anonymous_82)
FN:1636,(anonymous_83)
FN:1671,(anonymous_84)
FN:1673,(anonymous_85)
FN:1677,(anonymous_86)
FN:1704,(anonymous_87)
FN:1742,(anonymous_88)
FN:1743,(anonymous_89)
FN:1750,(anonymous_90)
FN:1758,(anonymous_91)
FN:1765,(anonymous_92)
FN:1770,(anonymous_93)
FN:1782,(anonymous_94)
FN:1861,(anonymous_95)
FN:1875,(anonymous_96)
FN:1912,(anonymous_97)
FN:1998,(anonymous_98)
FN:2003,(anonymous_99)
FN:2006,(anonymous_100)
FN:2007,(anonymous_101)
FN:2014,(anonymous_102)
FN:2019,(anonymous_103)
FN:2028,(anonymous_104)
FN:2029,(anonymous_105)
FN:2036,(anonymous_106)
FN:2041,(anonymous_107)
FN:2049,(anonymous_108)
FN:2053,(anonymous_109)
FN:2068,(anonymous_110)
FN:2077,(anonymous_111)
FN:2143,(anonymous_112)
FN:2260,(anonymous_113)
FN:2272,(anonymous_114)
FN:2287,(anonymous_115)
FN:2291,(anonymous_116)
FNF:117
FNH:0
FNDA:0,(anonymous_0)
FNDA:0,(anonymous_1)
FNDA:0,(anonymous_2)
FNDA:0,(anonymous_3)
FNDA:0,(anonymous_4)
FNDA:0,(anonymous_5)
FNDA:0,(anonymous_6)
FNDA:0,(anonymous_7)
FNDA:0,(anonymous_8)
FNDA:0,(anonymous_9)
FNDA:0,(anonymous_10)
FNDA:0,(anonymous_11)
FNDA:0,(anonymous_12)
FNDA:0,(anonymous_13)
FNDA:0,(anonymous_14)
FNDA:0,(anonymous_15)
FNDA:0,(anonymous_16)
FNDA:0,(anonymous_17)
FNDA:0,(anonymous_18)
FNDA:0,(anonymous_19)
FNDA:0,(anonymous_20)
FNDA:0,(anonymous_21)
FNDA:0,(anonymous_22)
FNDA:0,(anonymous_23)
FNDA:0,(anonymous_24)
FNDA:0,(anonymous_25)
FNDA:0,(anonymous_26)
FNDA:0,(anonymous_27)
FNDA:0,(anonymous_28)
FNDA:0,(anonymous_29)
FNDA:0,(anonymous_30)
FNDA:0,(anonymous_31)
FNDA:0,(anonymous_32)
FNDA:0,(anonymous_33)
FNDA:0,(anonymous_34)
FNDA:0,(anonymous_35)
FNDA:0,(anonymous_36)
FNDA:0,(anonymous_37)
FNDA:0,(anonymous_38)
FNDA:0,(anonymous_39)
FNDA:0,(anonymous_40)
FNDA:0,(anonymous_41)
FNDA:0,(anonymous_42)
FNDA:0,(anonymous_43)
FNDA:0,(anonymous_44)
FNDA:0,(anonymous_45)
FNDA:0,(anonymous_46)
FNDA:0,(anonymous_47)
FNDA:0,(anonymous_48)
FNDA:0,(anonymous_49)
FNDA:0,(anonymous_50)
FNDA:0,(anonymous_51)
FNDA:0,(anonymous_52)
FNDA:0,(anonymous_53)
FNDA:0,(anonymous_54)
FNDA:0,(anonymous_55)
FNDA:0,(anonymous_56)
FNDA:0,(anonymous_57)
FNDA:0,(anonymous_58)
FNDA:0,(anonymous_59)
FNDA:0,(anonymous_60)
FNDA:0,(anonymous_61)
FNDA:0,(anonymous_62)
FNDA:0,(anonymous_63)
FNDA:0,(anonymous_64)
FNDA:0,(anonymous_65)
FNDA:0,(anonymous_66)
FNDA:0,(anonymous_67)
FNDA:0,(anonymous_68)
FNDA:0,(anonymous_69)
FNDA:0,(anonymous_70)
FNDA:0,(anonymous_71)
FNDA:0,(anonymous_72)
FNDA:0,(anonymous_73)
FNDA:0,(anonymous_74)
FNDA:0,(anonymous_75)
FNDA:0,(anonymous_76)
FNDA:0,(anonymous_77)
FNDA:0,(anonymous_78)
FNDA:0,(anonymous_79)
FNDA:0,(anonymous_80)
FNDA:0,(anonymous_81)
FNDA:0,(anonymous_82)
FNDA:0,(anonymous_83)
FNDA:0,(anonymous_84)
FNDA:0,(anonymous_85)
FNDA:0,(anonymous_86)
FNDA:0,(anonymous_87)
FNDA:0,(anonymous_88)
FNDA:0,(anonymous_89)
FNDA:0,(anonymous_90)
FNDA:0,(anonymous_91)
FNDA:0,(anonymous_92)
FNDA:0,(anonymous_93)
FNDA:0,(anonymous_94)
FNDA:0,(anonymous_95)
FNDA:0,(anonymous_96)
FNDA:0,(anonymous_97)
FNDA:0,(anonymous_98)
FNDA:0,(anonymous_99)
FNDA:0,(anonymous_100)
FNDA:0,(anonymous_101)
FNDA:0,(anonymous_102)
FNDA:0,(anonymous_103)
FNDA:0,(anonymous_104)
FNDA:0,(anonymous_105)
FNDA:0,(anonymous_106)
FNDA:0,(anonymous_107)
FNDA:0,(anonymous_108)
FNDA:0,(anonymous_109)
FNDA:0,(anonymous_110)
FNDA:0,(anonymous_111)
FNDA:0,(anonymous_112)
FNDA:0,(anonymous_113)
FNDA:0,(anonymous_114)
FNDA:0,(anonymous_115)
FNDA:0,(anonymous_116)
DA:6,0
DA:7,0
DA:12,0
DA:13,0
DA:15,0
DA:16,0
DA:17,0
DA:34,0
DA:35,0
DA:37,0
DA:38,0
DA:39,0
DA:40,0
DA:41,0
DA:43,0
DA:47,0
DA:252,0
DA:253,0
DA:254,0
DA:258,0
DA:259,0
DA:260,0
DA:261,0
DA:262,0
DA:266,0
DA:267,0
DA:268,0
DA:269,0
DA:271,0
DA:272,0
DA:273,0
DA:274,0
DA:277,0
DA:281,0
DA:282,0
DA:283,0
DA:284,0
DA:285,0
DA:289,0
DA:290,0
DA:291,0
DA:292,0
DA:294,0
DA:295,0
DA:296,0
DA:297,0
DA:300,0
DA:304,0
DA:305,0
DA:306,0
DA:307,0
DA:308,0
DA:312,0
DA:313,0
DA:314,0
DA:315,0
DA:317,0
DA:318,0
DA:319,0
DA:320,0
DA:323,0
DA:336,0
DA:337,0
DA:338,0
DA:339,0
DA:340,0
DA:345,0
DA:346,0
DA:347,0
DA:348,0
DA:349,0
DA:350,0
DA:355,0
DA:356,0
DA:357,0
DA:358,0
DA:359,0
DA:365,0
DA:366,0
DA:367,0
DA:368,0
DA:369,0
DA:370,0
DA:371,0
DA:372,0
DA:379,0
DA:380,0
DA:382,0
DA:393,0
DA:395,0
DA:396,0
DA:397,0
DA:398,0
DA:402,0
DA:403,0
DA:407,0
DA:410,0
DA:413,0
DA:414,0
DA:415,0
DA:416,0
DA:419,0
DA:421,0
DA:422,0
DA:428,0
DA:437,0
DA:441,0
DA:442,0
DA:444,0
DA:445,0
DA:446,0
DA:449,0
DA:450,0
DA:453,0
DA:454,0
DA:455,0
DA:456,0
DA:459,0
DA:461,0
DA:462,0
DA:466,0
DA:467,0
DA:469,0
DA:473,0
DA:476,0
DA:477,0
DA:480,0
DA:483,0
DA:486,0
DA:487,0
DA:490,0
DA:491,0
DA:492,0
DA:496,0
DA:497,0
DA:500,0
DA:506,0
DA:507,0
DA:510,0
DA:511,0
DA:512,0
DA:516,0
DA:517,0
DA:518,0
DA:524,0
DA:528,0
DA:529,0
DA:549,0
DA:555,0
DA:562,0
DA:570,0
DA:571,0
DA:572,0
DA:573,0
DA:574,0
DA:577,0
DA:578,0
DA:580,0
DA:583,0
DA:585,0
DA:586,0
DA:587,0
DA:589,0
DA:590,0
DA:593,0
DA:594,0
DA:599,0
DA:600,0
DA:601,0
DA:603,0
DA:608,0
DA:609,0
DA:610,0
DA:611,0
DA:612,0
DA:615,0
DA:618,0
DA:622,0
DA:623,0
DA:624,0
DA:625,0
DA:628,0
DA:651,0
DA:657,0
DA:661,0
DA:662,0
DA:664,0
DA:702,0
DA:703,0
DA:704,0
DA:705,0
DA:707,0
DA:711,0
DA:712,0
DA:713,0
DA:716,0
DA:717,0
DA:718,0
DA:726,0
DA:744,0
DA:748,0
DA:749,0
DA:750,0
DA:751,0
DA:754,0
DA:783,0
DA:784,0
DA:785,0
DA:786,0
DA:789,0
DA:790,0
DA:791,0
DA:792,0
DA:795,0
DA:796,0
DA:797,0
DA:798,0
DA:804,0
DA:805,0
DA:806,0
DA:811,0
DA:812,0
DA:814,0
DA:815,0
DA:816,0
DA:819,0
DA:820,0
DA:821,0
DA:823,0
DA:907,0
DA:910,0
DA:915,0
DA:916,0
DA:953,0
DA:954,0
DA:978,0
DA:981,0
DA:983,0
DA:987,0
DA:988,0
DA:989,0
DA:993,0
DA:994,0
DA:995,0
DA:996,0
DA:997,0
DA:998,0
DA:1000,0
DA:1001,0
DA:1002,0
DA:1003,0
DA:1004,0
DA:1010,0
DA:1011,0
DA:1012,0
DA:1013,0
DA:1017,0
DA:1019,0
DA:1020,0
DA:1022,0
DA:1027,0
DA:1028,0
DA:1029,0
DA:1030,0
DA:1031,0
DA:1032,0
DA:1034,0
DA:1035,0
DA:1036,0
DA:1038,0
DA:1039,0
DA:1044,0
DA:1045,0
DA:1051,0
DA:1052,0
DA:1053,0
DA:1054,0
DA:1058,0
DA:1061,0
DA:1062,0
DA:1063,0
DA:1078,0
DA:1265,0
DA:1266,0
DA:1267,0
DA:1268,0
DA:1278,0
DA:1281,0
DA:1282,0
DA:1286,0
DA:1287,0
DA:1291,0
DA:1292,0
DA:1293,0
DA:1294,0
DA:1295,0
DA:1296,0
DA:1297,0
DA:1299,0
DA:1300,0
DA:1304,0
DA:1305,0
DA:1306,0
DA:1307,0
DA:1311,0
DA:1312,0
DA:1313,0
DA:1315,0
DA:1320,0
DA:1321,0
DA:1322,0
DA:1324,0
DA:1325,0
DA:1326,0
DA:1330,0
DA:1331,0
DA:1332,0
DA:1333,0
DA:1335,0
DA:1340,0
DA:1341,0
DA:1342,0
DA:1344,0
DA:1345,0
DA:1346,0
DA:1350,0
DA:1351,0
DA:1352,0
DA:1356,0
DA:1357,0
DA:1358,0
DA:1360,0
DA:1361,0
DA:1362,0
DA:1366,0
DA:1367,0
DA:1368,0
DA:1369,0
DA:1370,0
DA:1375,0
DA:1376,0
DA:1377,0
DA:1379,0
DA:1380,0
DA:1381,0
DA:1388,0
DA:1389,0
DA:1390,0
DA:1396,0
DA:1399,0
DA:1400,0
DA:1401,0
DA:1417,0
DA:1525,0
DA:1526,0
DA:1540,0
DA:1542,0
DA:1543,0
DA:1548,0
DA:1556,0
DA:1558,0
DA:1559,0
DA:1560,0
DA:1561,0
DA:1563,0
DA:1566,0
DA:1567,0
DA:1570,0
DA:1573,0
DA:1574,0
DA:1575,0
DA:1576,0
DA:1577,0
DA:1578,0
DA:1580,0
DA:1586,0
DA:1587,0
DA:1588,0
DA:1589,0
DA:1591,0
DA:1592,0
DA:1593,0
DA:1596,0
DA:1597,0
DA:1598,0
DA:1600,0
DA:1601,0
DA:1602,0
DA:1605,0
DA:1606,0
DA:1608,0
DA:1612,0
DA:1613,0
DA:1616,0
DA:1617,0
DA:1618,0
DA:1620,0
DA:1621,0
DA:1626,0
DA:1627,0
DA:1628,0
DA:1629,0
DA:1630,0
DA:1631,0
DA:1632,0
DA:1639,0
DA:1640,0
DA:1653,0
DA:1656,0
DA:1657,0
DA:1658,0
DA:1659,0
DA:1665,0
DA:1668,0
DA:1671,0
DA:1672,0
DA:1673,0
DA:1679,0
DA:1680,0
DA:1681,0
DA:1701,0
DA:1706,0
DA:1707,0
DA:1709,0
DA:1710,0
DA:1711,0
DA:1717,0
DA:1736,0
DA:1738,0
DA:1739,0
DA:1743,0
DA:1744,0
DA:1745,0
DA:1746,0
DA:1747,0
DA:1750,0
DA:1751,0
DA:1752,0
DA:1753,0
DA:1754,0
DA:1759,0
DA:1761,0
DA:1763,0
DA:1764,0
DA:1765,0
DA:1766,0
DA:1769,0
DA:1770,0
DA:1771,0
DA:1776,0
DA:1777,0
DA:1778,0
DA:1783,0
DA:1784,0
DA:1787,0
DA:1789,0
DA:1862,0
DA:1863,0
DA:1875,0
DA:1896,0
DA:1913,0
DA:1914,0
DA:1916,0
DA:1917,0
DA:1918,0
DA:1982,0
DA:1983,0
DA:1984,0
DA:1985,0
DA:1991,0
DA:1994,0
DA:1995,0
DA:1999,0
DA:2000,0
DA:2005,0
DA:2006,0
DA:2007,0
DA:2008,0
DA:2009,0
DA:2010,0
DA:2014,0
DA:2015,0
DA:2016,0
DA:2017,0
DA:2019,0
DA:2020,0
DA:2021,0
DA:2022,0
DA:2027,0
DA:2028,0
DA:2029,0
DA:2030,0
DA:2031,0
DA:2032,0
DA:2036,0
DA:2037,0
DA:2038,0
DA:2039,0
DA:2041,0
DA:2042,0
DA:2043,0
DA:2044,0
DA:2050,0
DA:2052,0
DA:2053,0
DA:2055,0
DA:2056,0
DA:2057,0
DA:2058,0
DA:2059,0
DA:2063,0
DA:2064,0
DA:2069,0
DA:2071,0
DA:2073,0
DA:2074,0
DA:2075,0
DA:2077,0
DA:2078,0
DA:2079,0
DA:2080,0
DA:2081,0
DA:2084,0
DA:2086,0
DA:2087,0
DA:2088,0
DA:2089,0
DA:2092,0
DA:2093,0
DA:2095,0
DA:2096,0
DA:2097,0
DA:2098,0
DA:2101,0
DA:2102,0
DA:2105,0
DA:2106,0
DA:2107,0
DA:2108,0
DA:2109,0
DA:2110,0
DA:2113,0
DA:2114,0
DA:2115,0
DA:2119,0
DA:2120,0
DA:2121,0
DA:2122,0
DA:2124,0
DA:2125,0
DA:2127,0
DA:2128,0
DA:2129,0
DA:2131,0
DA:2132,0
DA:2133,0
DA:2137,0
DA:2138,0
DA:2139,0
DA:2144,0
DA:2147,0
DA:2158,0
DA:2161,0
DA:2164,0
DA:2165,0
DA:2166,0
DA:2167,0
DA:2168,0
DA:2169,0
DA:2171,0
DA:2176,0
DA:2177,0
DA:2178,0
DA:2180,0
DA:2181,0
DA:2182,0
DA:2184,0
DA:2189,0
DA:2190,0
DA:2191,0
DA:2192,0
DA:2195,0
DA:2199,0
DA:2200,0
DA:2201,0
DA:2204,0
DA:2211,0
DA:2213,0
DA:2214,0
DA:2215,0
DA:2217,0
DA:2220,0
DA:2225,0
DA:2226,0
DA:2227,0
DA:2228,0
DA:2231,0
DA:2239,0
DA:2240,0
DA:2241,0
DA:2243,0
DA:2248,0
DA:2249,0
DA:2250,0
DA:2252,0
DA:2253,0
DA:2254,0
DA:2258,0
DA:2259,0
DA:2260,0
DA:2261,0
DA:2262,0
DA:2263,0
DA:2264,0
DA:2267,0
DA:2284,0
DA:2288,0
DA:2292,0
DA:2297,0
LF:619
LH:0
BRDA:13,0,0,0
BRDA:13,0,1,0
BRDA:252,1,0,0
BRDA:252,1,1,0
BRDA:259,2,0,0
BRDA:259,2,1,0
BRDA:282,3,0,0
BRDA:282,3,1,0
BRDA:305,4,0,0
BRDA:305,4,1,0
BRDA:337,5,0,0
BRDA:337,5,1,0
BRDA:346,6,0,0
BRDA:346,6,1,0
BRDA:348,7,0,0
BRDA:348,7,1,0
BRDA:348,8,0,0
BRDA:348,8,1,0
BRDA:357,9,0,0
BRDA:357,9,1,0
BRDA:359,10,0,0
BRDA:359,10,1,0
BRDA:369,11,0,0
BRDA:369,11,1,0
BRDA:369,12,0,0
BRDA:369,12,1,0
BRDA:379,13,0,0
BRDA:379,13,1,0
BRDA:379,14,0,0
BRDA:379,14,1,0
BRDA:395,15,0,0
BRDA:395,15,1,0
BRDA:402,16,0,0
BRDA:402,16,1,0
BRDA:414,17,0,0
BRDA:414,17,1,0
BRDA:444,18,0,0
BRDA:444,18,1,0
BRDA:444,19,0,0
BRDA:444,19,1,0
BRDA:454,20,0,0
BRDA:454,20,1,0
BRDA:461,21,0,0
BRDA:461,21,1,0
BRDA:466,22,0,0
BRDA:466,22,1,0
BRDA:491,23,0,0
BRDA:491,23,1,0
BRDA:511,24,0,0
BRDA:511,24,1,0
BRDA:516,25,0,0
BRDA:516,25,1,0
BRDA:524,26,0,0
BRDA:524,26,1,0
BRDA:524,26,2,0
BRDA:528,27,0,0
BRDA:528,27,1,0
BRDA:571,28,0,0
BRDA:571,28,1,0
BRDA:577,29,0,0
BRDA:577,29,1,0
BRDA:585,30,0,0
BRDA:585,30,1,0
BRDA:599,31,0,0
BRDA:599,31,1,0
BRDA:599,32,0,0
BRDA:599,32,1,0
BRDA:610,33,0,0
BRDA:610,33,1,0
BRDA:612,34,0,0
BRDA:612,34,1,0
BRDA:623,35,0,0
BRDA:623,35,1,0
BRDA:661,36,0,0
BRDA:661,36,1,0
BRDA:661,36,2,0
BRDA:662,37,0,0
BRDA:662,37,1,0
BRDA:662,37,2,0
BRDA:684,38,0,0
BRDA:684,38,1,0
BRDA:749,39,0,0
BRDA:749,39,1,0
BRDA:784,40,0,0
BRDA:784,40,1,0
BRDA:805,41,0,0
BRDA:805,41,1,0
BRDA:812,42,0,0
BRDA:812,42,1,0
BRDA:814,43,0,0
BRDA:814,43,1,0
BRDA:834,44,0,0
BRDA:834,44,1,0
BRDA:836,45,0,0
BRDA:836,45,1,0
BRDA:841,46,0,0
BRDA:841,46,1,0
BRDA:870,47,0,0
BRDA:870,47,1,0
BRDA:870,48,0,0
BRDA:870,48,1,0
BRDA:1000,49,0,0
BRDA:1000,49,1,0
BRDA:1001,50,0,0
BRDA:1001,50,1,0
BRDA:1002,51,0,0
BRDA:1002,51,1,0
BRDA:1003,52,0,0
BRDA:1003,52,1,0
BRDA:1011,53,0,0
BRDA:1011,53,1,0
BRDA:1019,54,0,0
BRDA:1019,54,1,0
BRDA:1028,55,0,0
BRDA:1028,55,1,0
BRDA:1028,56,0,0
BRDA:1028,56,1,0
BRDA:1028,56,2,0
BRDA:1030,57,0,0
BRDA:1030,57,1,0
BRDA:1035,58,0,0
BRDA:1035,58,1,0
BRDA:1035,59,0,0
BRDA:1035,59,1,0
BRDA:1051,60,0,0
BRDA:1051,60,1,0
BRDA:1051,61,0,0
BRDA:1051,61,1,0
BRDA:1052,62,0,0
BRDA:1052,62,1,0
BRDA:1052,63,0,0
BRDA:1052,63,1,0
BRDA:1053,64,0,0
BRDA:1053,64,1,0
BRDA:1265,65,0,0
BRDA:1265,65,1,0
BRDA:1286,66,0,0
BRDA:1286,66,1,0
BRDA:1286,67,0,0
BRDA:1286,67,1,0
BRDA:1307,68,0,0
BRDA:1307,68,1,0
BRDA:1312,69,0,0
BRDA:1312,69,1,0
BRDA:1367,70,0,0
BRDA:1367,70,1,0
BRDA:1389,71,0,0
BRDA:1389,71,1,0
BRDA:1389,72,0,0
BRDA:1389,72,1,0
BRDA:1394,73,0,0
BRDA:1447,74,0,0
BRDA:1447,74,1,0
BRDA:1449,75,0,0
BRDA:1449,75,1,0
BRDA:1563,76,0,0
BRDA:1563,76,1,0
BRDA:1563,77,0,0
BRDA:1563,77,1,0
BRDA:1563,77,2,0
BRDA:1563,77,3,0
BRDA:1570,78,0,0
BRDA:1570,78,1,0
BRDA:1573,79,0,0
BRDA:1573,79,1,0
BRDA:1598,80,0,0
BRDA:1598,80,1,0
BRDA:1598,81,0,0
BRDA:1598,81,1,0
BRDA:1601,82,0,0
BRDA:1601,82,1,0
BRDA:1601,83,0,0
BRDA:1601,83,1,0
BRDA:1613,84,0,0
BRDA:1613,84,1,0
BRDA:1621,85,0,0
BRDA:1621,85,1,0
BRDA:1626,86,0,0
BRDA:1626,86,1,0
BRDA:1636,87,0,0
BRDA:1644,88,0,0
BRDA:1644,88,1,0
BRDA:1644,89,0,0
BRDA:1644,89,1,0
BRDA:1656,90,0,0
BRDA:1656,90,1,0
BRDA:1707,91,0,0
BRDA:1707,91,1,0
BRDA:1759,92,0,0
BRDA:1759,92,1,0
BRDA:1763,93,0,0
BRDA:1763,93,1,0
BRDA:1777,94,0,0
BRDA:1777,94,1,0
BRDA:1778,95,0,0
BRDA:1778,95,1,0
BRDA:1802,96,0,0
BRDA:1802,96,1,0
BRDA:1803,97,0,0
BRDA:1803,97,1,0
BRDA:1808,98,0,0
BRDA:1808,98,1,0
BRDA:1810,99,0,0
BRDA:1810,99,1,0
BRDA:1812,100,0,0
BRDA:1812,100,1,0
BRDA:1826,101,0,0
BRDA:1826,101,1,0
BRDA:1826,102,0,0
BRDA:1826,102,1,0
BRDA:1862,103,0,0
BRDA:1862,103,1,0
BRDA:1914,104,0,0
BRDA:1914,104,1,0
BRDA:1982,105,0,0
BRDA:1982,105,1,0
BRDA:2000,106,0,0
BRDA:2000,106,1,0
BRDA:2055,107,0,0
BRDA:2055,107,1,0
BRDA:2055,108,0,0
BRDA:2055,108,1,0
BRDA:2057,109,0,0
BRDA:2057,109,1,0
BRDA:2078,110,0,0
BRDA:2078,110,1,0
BRDA:2086,111,0,0
BRDA:2086,111,1,0
BRDA:2095,112,0,0
BRDA:2095,112,1,0
BRDA:2109,113,0,0
BRDA:2109,113,1,0
BRDA:2124,114,0,0
BRDA:2124,114,1,0
BRDA:2124,114,2,0
BRDA:2127,115,0,0
BRDA:2127,115,1,0
BRDA:2164,116,0,0
BRDA:2164,116,1,0
BRDA:2164,117,0,0
BRDA:2164,117,1,0
BRDA:2176,118,0,0
BRDA:2176,118,1,0
BRDA:2176,119,0,0
BRDA:2176,119,1,0
BRDA:2189,120,0,0
BRDA:2189,120,1,0
BRDA:2195,121,0,0
BRDA:2195,121,1,0
BRDA:2195,121,2,0
BRDA:2199,122,0,0
BRDA:2199,122,1,0
BRDA:2225,123,0,0
BRDA:2225,123,1,0
BRDA:2248,124,0,0
BRDA:2248,124,1,0
BRDA:2261,125,0,0
BRDA:2261,125,1,0
BRDA:2263,126,0,0
BRDA:2263,126,1,0
BRDA:2263,127,0,0
BRDA:2263,127,1,0
BRF:262
BRH:0
end_of_record
TN:
SF:modules\Utils.js
FN:5,(anonymous_0)
FN:12,(anonymous_1)
FN:19,(anonymous_2)
FN:47,(anonymous_3)
FN:60,(anonymous_4)
FN:67,(anonymous_5)
FN:68,(anonymous_6)
FN:69,(anonymous_7)
FN:70,(anonymous_8)
FN:73,(anonymous_9)
FN:87,(anonymous_10)
FN:105,(anonymous_11)
FN:116,(anonymous_12)
FN:135,(anonymous_13)
FN:136,(anonymous_14)
FN:138,(anonymous_15)
FNF:16
FNH:0
FNDA:0,(anonymous_0)
FNDA:0,(anonymous_1)
FNDA:0,(anonymous_2)
FNDA:0,(anonymous_3)
FNDA:0,(anonymous_4)
FNDA:0,(anonymous_5)
FNDA:0,(anonymous_6)
FNDA:0,(anonymous_7)
FNDA:0,(anonymous_8)
FNDA:0,(anonymous_9)
FNDA:0,(anonymous_10)
FNDA:0,(anonymous_11)
FNDA:0,(anonymous_12)
FNDA:0,(anonymous_13)
FNDA:0,(anonymous_14)
FNDA:0,(anonymous_15)
DA:6,0
DA:7,0
DA:8,0
DA:9,0
DA:13,0
DA:20,0
DA:22,0
DA:23,0
DA:24,0
DA:28,0
DA:29,0
DA:30,0
DA:31,0
DA:32,0
DA:33,0
DA:34,0
DA:35,0
DA:37,0
DA:38,0
DA:40,0
DA:42,0
DA:43,0
DA:49,0
DA:50,0
DA:52,0
DA:53,0
DA:57,0
DA:61,0
DA:62,0
DA:67,0
DA:68,0
DA:69,0
DA:70,0
DA:73,0
DA:74,0
DA:75,0
DA:76,0
DA:77,0
DA:78,0
DA:80,0
DA:83,0
DA:88,0
DA:91,0
DA:92,0
DA:93,0
DA:94,0
DA:95,0
DA:96,0
DA:98,0
DA:99,0
DA:102,0
DA:107,0
DA:108,0
DA:109,0
DA:110,0
DA:113,0
DA:117,0
DA:118,0
DA:119,0
DA:134,0
DA:135,0
DA:136,0
DA:137,0
DA:138,0
DA:144,0
LF:65
LH:0
BRDA:7,0,0,0
BRDA:7,0,1,0
BRDA:8,1,0,0
BRDA:8,1,1,0
BRDA:22,2,0,0
BRDA:22,2,1,0
BRDA:22,3,0,0
BRDA:22,3,1,0
BRDA:49,4,0,0
BRDA:49,4,1,0
BRDA:52,5,0,0
BRDA:52,5,1,0
BRDA:52,6,0,0
BRDA:52,6,1,0
BRDA:74,7,0,0
BRDA:74,7,1,0
BRDA:76,8,0,0
BRDA:76,8,1,0
BRDA:91,9,0,0
BRDA:91,9,1,0
BRDA:93,10,0,0
BRDA:93,10,1,0
BRDA:93,11,0,0
BRDA:93,11,1,0
BRDA:96,12,0,0
BRDA:96,12,1,0
BRDA:109,13,0,0
BRDA:109,13,1,0
BRF:28
BRH:0
end_of_record
TN:
SF:modules\WorkflowManager.js
FN:5,(anonymous_0)
FN:9,(anonymous_1)
FN:20,(anonymous_2)
FN:31,(anonymous_3)
FN:55,(anonymous_4)
FN:77,(anonymous_5)
FN:96,(anonymous_6)
FN:128,(anonymous_7)
FN:132,(anonymous_8)
FN:136,(anonymous_9)
FN:141,(anonymous_10)
FN:143,(anonymous_11)
FN:161,(anonymous_12)
FN:163,(anonymous_13)
FN:189,(anonymous_14)
FN:205,(anonymous_15)
FNF:16
FNH:0
FNDA:0,(anonymous_0)
FNDA:0,(anonymous_1)
FNDA:0,(anonymous_2)
FNDA:0,(anonymous_3)
FNDA:0,(anonymous_4)
FNDA:0,(anonymous_5)
FNDA:0,(anonymous_6)
FNDA:0,(anonymous_7)
FNDA:0,(anonymous_8)
FNDA:0,(anonymous_9)
FNDA:0,(anonymous_10)
FNDA:0,(anonymous_11)
FNDA:0,(anonymous_12)
FNDA:0,(anonymous_13)
FNDA:0,(anonymous_14)
FNDA:0,(anonymous_15)
DA:6,0
DA:10,0
DA:11,0
DA:12,0
DA:13,0
DA:14,0
DA:17,0
DA:20,0
DA:21,0
DA:25,0
DA:26,0
DA:32,0
DA:34,0
DA:36,0
DA:37,0
DA:38,0
DA:40,0
DA:41,0
DA:42,0
DA:43,0
DA:45,0
DA:50,0
DA:51,0
DA:57,0
DA:58,0
DA:61,0
DA:63,0
DA:78,0
DA:81,0
DA:82,0
DA:83,0
DA:84,0
DA:85,0
DA:86,0
DA:87,0
DA:88,0
DA:89,0
DA:90,0
DA:92,0
DA:97,0
DA:129,0
DA:133,0
DA:137,0
DA:142,0
DA:143,0
DA:144,0
DA:145,0
DA:146,0
DA:147,0
DA:148,0
DA:149,0
DA:151,0
DA:156,0
DA:162,0
DA:163,0
DA:164,0
DA:165,0
DA:166,0
DA:167,0
DA:170,0
DA:173,0
DA:175,0
DA:176,0
DA:178,0
DA:179,0
DA:184,0
DA:185,0
DA:190,0
DA:192,0
DA:193,0
DA:199,0
DA:202,0
DA:205,0
DA:208,0
DA:212,0
DA:213,0
DA:214,0
DA:217,0
DA:221,0
DA:222,0
DA:223,0
DA:227,0
DA:230,0
DA:231,0
DA:237,0
LF:85
LH:0
BRDA:11,0,0,0
BRDA:11,0,1,0
BRDA:36,1,0,0
BRDA:36,1,1,0
BRDA:42,2,0,0
BRDA:42,2,1,0
BRDA:58,3,0,0
BRDA:58,3,1,0
BRDA:77,4,0,0
BRDA:81,5,0,0
BRDA:81,5,1,0
BRDA:81,6,0,0
BRDA:81,6,1,0
BRDA:83,7,0,0
BRDA:83,7,1,0
BRDA:83,8,0,0
BRDA:83,8,1,0
BRDA:85,9,0,0
BRDA:85,9,1,0
BRDA:85,10,0,0
BRDA:85,10,1,0
BRDA:85,10,2,0
BRDA:87,11,0,0
BRDA:87,11,1,0
BRDA:89,12,0,0
BRDA:89,12,1,0
BRDA:89,13,0,0
BRDA:89,13,1,0
BRDA:144,14,0,0
BRDA:144,14,1,0
BRDA:146,15,0,0
BRDA:146,15,1,0
BRDA:148,16,0,0
BRDA:148,16,1,0
BRDA:164,17,0,0
BRDA:164,17,1,0
BRDA:166,18,0,0
BRDA:166,18,1,0
BRDA:175,19,0,0
BRDA:175,19,1,0
BRDA:189,20,0,0
BRDA:192,21,0,0
BRDA:192,21,1,0
BRDA:193,22,0,0
BRDA:193,22,1,0
BRDA:193,22,2,0
BRDA:193,22,3,0
BRDA:199,23,0,0
BRDA:199,23,1,0
BRDA:208,24,0,0
BRDA:208,24,1,0
BRDA:208,24,2,0
BRDA:212,25,0,0
BRDA:212,25,1,0
BRDA:217,26,0,0
BRDA:217,26,1,0
BRDA:217,26,2,0
BRDA:221,27,0,0
BRDA:221,27,1,0
BRF:59
BRH:0
end_of_record
TN:
SF:src\popup.js
FN:2,(anonymous_0)
FN:9,(anonymous_1)
FN:22,(anonymous_2)
FN:30,(anonymous_3)
FN:42,(anonymous_4)
FN:54,(anonymous_5)
FN:72,(anonymous_6)
FN:115,(anonymous_7)
FN:141,(anonymous_8)
FN:158,(anonymous_9)
FN:194,(anonymous_10)
FN:198,(anonymous_11)
FN:201,(anonymous_12)
FN:211,(anonymous_13)
FN:220,(anonymous_14)
FN:228,(anonymous_15)
FN:239,(anonymous_16)
FN:253,(anonymous_17)
FN:259,(anonymous_18)
FN:265,(anonymous_19)
FN:272,(anonymous_20)
FN:288,(anonymous_21)
FN:294,(anonymous_22)
FNF:23
FNH:0
FNDA:0,(anonymous_0)
FNDA:0,(anonymous_1)
FNDA:0,(anonymous_2)
FNDA:0,(anonymous_3)
FNDA:0,(anonymous_4)
FNDA:0,(anonymous_5)
FNDA:0,(anonymous_6)
FNDA:0,(anonymous_7)
FNDA:0,(anonymous_8)
FNDA:0,(anonymous_9)
FNDA:0,(anonymous_10)
FNDA:0,(anonymous_11)
FNDA:0,(anonymous_12)
FNDA:0,(anonymous_13)
FNDA:0,(anonymous_14)
FNDA:0,(anonymous_15)
FNDA:0,(anonymous_16)
FNDA:0,(anonymous_17)
FNDA:0,(anonymous_18)
FNDA:0,(anonymous_19)
FNDA:0,(anonymous_20)
FNDA:0,(anonymous_21)
FNDA:0,(anonymous_22)
DA:3,0
DA:4,0
DA:5,0
DA:6,0
DA:10,0
DA:11,0
DA:12,0
DA:13,0
DA:14,0
DA:15,0
DA:17,0
DA:18,0
DA:23,0
DA:27,0
DA:31,0
DA:32,0
DA:35,0
DA:37,0
DA:38,0
DA:43,0
DA:44,0
DA:47,0
DA:49,0
DA:50,0
DA:55,0
DA:57,0
DA:73,0
DA:116,0
DA:117,0
DA:119,0
DA:121,0
DA:142,0
DA:159,0
DA:161,0
DA:162,0
DA:173,0
DA:182,0
DA:191,0
DA:196,0
DA:197,0
DA:198,0
DA:199,0
DA:200,0
DA:201,0
DA:203,0
DA:209,0
DA:210,0
DA:211,0
DA:212,0
DA:213,0
DA:218,0
DA:219,0
DA:220,0
DA:221,0
DA:226,0
DA:227,0
DA:228,0
DA:229,0
DA:232,0
DA:237,0
DA:238,0
DA:239,0
DA:240,0
DA:241,0
DA:245,0
DA:247,0
DA:253,0
DA:254,0
DA:255,0
DA:256,0
DA:259,0
DA:260,0
DA:261,0
DA:262,0
DA:265,0
DA:266,0
DA:267,0
DA:268,0
DA:273,0
DA:274,0
DA:286,0
DA:287,0
DA:288,0
DA:289,0
DA:295,0
DA:300,0
LF:86
LH:0
BRDA:63,0,0,0
BRDA:63,0,1,0
BRDA:82,1,0,0
BRDA:82,1,1,0
BRDA:83,2,0,0
BRDA:83,2,1,0
BRDA:95,3,0,0
BRDA:95,3,1,0
BRDA:96,4,0,0
BRDA:96,4,1,0
BRDA:108,5,0,0
BRDA:108,5,1,0
BRDA:109,6,0,0
BRDA:109,6,1,0
BRDA:119,7,0,0
BRDA:119,7,1,0
BRDA:124,8,0,0
BRDA:124,8,1,0
BRDA:127,9,0,0
BRDA:127,9,1,0
BRDA:161,10,0,0
BRDA:161,10,1,0
BRDA:168,11,0,0
BRDA:168,11,1,0
BRDA:197,12,0,0
BRDA:197,12,1,0
BRDA:210,13,0,0
BRDA:210,13,1,0
BRDA:219,14,0,0
BRDA:219,14,1,0
BRDA:227,15,0,0
BRDA:227,15,1,0
BRDA:238,16,0,0
BRDA:238,16,1,0
BRDA:278,17,0,0
BRDA:278,17,1,0
BRDA:287,18,0,0
BRDA:287,18,1,0
BRF:38
BRH:0
end_of_record
TN:
SF:src\components\Auth.js
FN:2,(anonymous_0)
FN:6,(anonymous_1)
FN:21,(anonymous_2)
FNF:3
FNH:0
FNDA:0,(anonymous_0)
FNDA:0,(anonymous_1)
FNDA:0,(anonymous_2)
DA:3,0
DA:7,0
DA:22,0
LF:3
LH:0
BRF:0
BRH:0
end_of_record
TN:
SF:src\components\ChatPanel.js
FN:3,(anonymous_0)
FN:9,(anonymous_1)
FN:15,(anonymous_2)
FN:27,(anonymous_3)
FN:102,(anonymous_4)
FN:107,(anonymous_5)
FN:114,(anonymous_6)
FN:123,(anonymous_7)
FN:129,(anonymous_8)
FN:156,(anonymous_9)
FN:180,(anonymous_10)
FN:212,(anonymous_11)
FN:216,(anonymous_12)
FN:300,(anonymous_13)
FN:380,(anonymous_14)
FN:385,(anonymous_15)
FN:430,(anonymous_16)
FN:432,(anonymous_17)
FN:475,(anonymous_18)
FN:481,(anonymous_19)
FN:496,(anonymous_20)
FNF:21
FNH:0
FNDA:0,(anonymous_0)
FNDA:0,(anonymous_1)
FNDA:0,(anonymous_2)
FNDA:0,(anonymous_3)
FNDA:0,(anonymous_4)
FNDA:0,(anonymous_5)
FNDA:0,(anonymous_6)
FNDA:0,(anonymous_7)
FNDA:0,(anonymous_8)
FNDA:0,(anonymous_9)
FNDA:0,(anonymous_10)
FNDA:0,(anonymous_11)
FNDA:0,(anonymous_12)
FNDA:0,(anonymous_13)
FNDA:0,(anonymous_14)
FNDA:0,(anonymous_15)
FNDA:0,(anonymous_16)
FNDA:0,(anonymous_17)
FNDA:0,(anonymous_18)
FNDA:0,(anonymous_19)
FNDA:0,(anonymous_20)
DA:4,0
DA:5,0
DA:6,0
DA:10,0
DA:12,0
DA:15,0
DA:17,0
DA:18,0
DA:20,0
DA:22,0
DA:23,0
DA:28,0
DA:99,0
DA:103,0
DA:104,0
DA:106,0
DA:107,0
DA:108,0
DA:109,0
DA:110,0
DA:114,0
DA:115,0
DA:116,0
DA:117,0
DA:122,0
DA:123,0
DA:124,0
DA:130,0
DA:131,0
DA:133,0
DA:135,0
DA:138,0
DA:139,0
DA:140,0
DA:141,0
DA:144,0
DA:146,0
DA:149,0
DA:150,0
DA:153,0
DA:156,0
DA:158,0
DA:159,0
DA:162,0
DA:163,0
DA:164,0
DA:167,0
DA:170,0
DA:171,0
DA:173,0
DA:174,0
DA:175,0
DA:181,0
DA:182,0
DA:184,0
DA:213,0
DA:214,0
DA:216,0
DA:217,0
DA:218,0
DA:220,0
DA:297,0
DA:301,0
DA:302,0
DA:304,0
DA:305,0
DA:306,0
DA:364,0
DA:365,0
DA:366,0
DA:367,0
DA:373,0
DA:376,0
DA:377,0
DA:381,0
DA:382,0
DA:386,0
DA:390,0
DA:391,0
DA:411,0
DA:417,0
DA:424,0
DA:432,0
DA:433,0
DA:467,0
DA:470,0
DA:472,0
DA:476,0
DA:477,0
DA:478,0
DA:482,0
DA:483,0
DA:484,0
DA:485,0
DA:486,0
DA:487,0
DA:489,0
DA:490,0
DA:491,0
DA:492,0
DA:493,0
DA:497,0
LF:102
LH:0
BRDA:106,0,0,0
BRDA:106,0,1,0
BRDA:108,1,0,0
BRDA:108,1,1,0
BRDA:108,2,0,0
BRDA:108,2,1,0
BRDA:115,3,0,0
BRDA:115,3,1,0
BRDA:117,4,0,0
BRDA:117,4,1,0
BRDA:122,5,0,0
BRDA:122,5,1,0
BRDA:133,6,0,0
BRDA:133,6,1,0
BRDA:133,7,0,0
BRDA:133,7,1,0
BRDA:139,8,0,0
BRDA:139,8,1,0
BRDA:173,9,0,0
BRDA:173,9,1,0
BRDA:182,10,0,0
BRDA:182,10,1,0
BRDA:214,11,0,0
BRDA:214,11,1,0
BRDA:227,12,0,0
BRDA:227,12,1,0
BRDA:229,13,0,0
BRDA:229,13,1,0
BRDA:247,14,0,0
BRDA:247,14,1,0
BRDA:248,15,0,0
BRDA:248,15,1,0
BRDA:251,16,0,0
BRDA:251,16,1,0
BRDA:255,17,0,0
BRDA:255,17,1,0
BRDA:256,18,0,0
BRDA:256,18,1,0
BRDA:260,19,0,0
BRDA:260,19,1,0
BRDA:269,20,0,0
BRDA:269,20,1,0
BRDA:276,21,0,0
BRDA:276,21,1,0
BRDA:302,22,0,0
BRDA:302,22,1,0
BRDA:364,23,0,0
BRDA:364,23,1,0
BRDA:382,24,0,0
BRDA:382,24,1,0
BRDA:386,25,0,0
BRDA:386,25,1,0
BRDA:386,25,2,0
BRDA:390,26,0,0
BRDA:390,26,1,0
BRDA:489,27,0,0
BRDA:489,27,1,0
BRDA:490,28,0,0
BRDA:490,28,1,0
BRDA:491,29,0,0
BRDA:491,29,1,0
BRDA:492,30,0,0
BRDA:492,30,1,0
BRDA:510,31,0,0
BRDA:510,31,1,0
BRF:65
BRH:0
end_of_record
TN:
SF:src\components\Header.js
FN:2,(anonymous_0)
FN:7,(anonymous_1)
FN:25,(anonymous_2)
FN:44,(anonymous_3)
FN:48,(anonymous_4)
FNF:5
FNH:0
FNDA:0,(anonymous_0)
FNDA:0,(anonymous_1)
FNDA:0,(anonymous_2)
FNDA:0,(anonymous_3)
FNDA:0,(anonymous_4)
DA:3,0
DA:4,0
DA:8,0
DA:26,0
DA:27,0
DA:36,0
DA:45,0
DA:49,0
LF:8
LH:0
BRDA:26,0,0,0
BRDA:26,0,1,0
BRDA:29,1,0,0
BRDA:29,1,1,0
BRF:4
BRH:0
end_of_record
TN:
SF:src\services\ChatService.js
FN:4,(anonymous_0)
FN:8,(anonymous_1)
FN:13,(anonymous_2)
FN:38,(anonymous_3)
FN:63,(anonymous_4)
FN:122,(anonymous_5)
FN:128,(anonymous_6)
FN:133,(anonymous_7)
FN:137,(anonymous_8)
FNF:9
FNH:0
FNDA:0,(anonymous_0)
FNDA:0,(anonymous_1)
FNDA:0,(anonymous_2)
FNDA:0,(anonymous_3)
FNDA:0,(anonymous_4)
FNDA:0,(anonymous_5)
FNDA:0,(anonymous_6)
FNDA:0,(anonymous_7)
FNDA:0,(anonymous_8)
DA:4,0
DA:7,0
DA:9,0
DA:10,0
DA:14,0
DA:16,0
DA:26,0
DA:27,0
DA:28,0
DA:31,0
DA:33,0
DA:34,0
DA:39,0
DA:42,0
DA:49,0
DA:51,0
DA:53,0
DA:60,0
DA:63,0
DA:65,0
DA:101,0
DA:104,0
DA:106,0
DA:108,0
DA:110,0
DA:117,0
DA:118,0
DA:123,0
DA:124,0
DA:125,0
DA:129,0
DA:130,0
DA:134,0
DA:138,0
LF:34
LH:0
BRDA:27,0,0,0
BRDA:27,0,1,0
BRDA:39,1,0,0
BRDA:39,1,1,0
BRF:4
BRH:0
end_of_record
TN:
SF:src\services\UIService.js
FN:4,(anonymous_0)
FN:8,(anonymous_1)
FN:12,(anonymous_2)
FN:46,(anonymous_3)
FN:66,(anonymous_4)
FN:71,(anonymous_5)
FN:78,(anonymous_6)
FN:89,(anonymous_7)
FN:97,(anonymous_8)
FN:109,(anonymous_9)
FN:121,(anonymous_10)
FN:144,(anonymous_11)
FN:165,(anonymous_12)
FN:192,(anonymous_13)
FN:216,(anonymous_14)
FN:249,(anonymous_15)
FN:269,(anonymous_16)
FN:278,(anonymous_17)
FN:293,(anonymous_18)
FN:297,(anonymous_19)
FN:304,(anonymous_20)
FN:308,(anonymous_21)
FN:310,(anonymous_22)
FN:314,(anonymous_23)
FN:318,(anonymous_24)
FN:325,(anonymous_25)
FN:337,(anonymous_26)
FNF:27
FNH:0
FNDA:0,(anonymous_0)
FNDA:0,(anonymous_1)
FNDA:0,(anonymous_2)
FNDA:0,(anonymous_3)
FNDA:0,(anonymous_4)
FNDA:0,(anonymous_5)
FNDA:0,(anonymous_6)
FNDA:0,(anonymous_7)
FNDA:0,(anonymous_8)
FNDA:0,(anonymous_9)
FNDA:0,(anonymous_10)
FNDA:0,(anonymous_11)
FNDA:0,(anonymous_12)
FNDA:0,(anonymous_13)
FNDA:0,(anonymous_14)
FNDA:0,(anonymous_15)
FNDA:0,(anonymous_16)
FNDA:0,(anonymous_17)
FNDA:0,(anonymous_18)
FNDA:0,(anonymous_19)
FNDA:0,(anonymous_20)
FNDA:0,(anonymous_21)
FNDA:0,(anonymous_22)
FNDA:0,(anonymous_23)
FNDA:0,(anonymous_24)
FNDA:0,(anonymous_25)
FNDA:0,(anonymous_26)
DA:4,0
DA:7,0
DA:9,0
DA:13,0
DA:14,0
DA:47,0
DA:67,0
DA:71,0
DA:80,0
DA:82,0
DA:89,0
DA:98,0
DA:111,0
DA:122,0
DA:145,0
DA:146,0
DA:148,0
DA:166,0
DA:193,0
DA:217,0
DA:250,0
DA:270,0
DA:279,0
DA:280,0
DA:281,0
DA:282,0
DA:283,0
DA:284,0
DA:286,0
DA:287,0
DA:288,0
DA:289,0
DA:290,0
DA:294,0
DA:298,0
DA:299,0
DA:300,0
DA:302,0
DA:304,0
DA:305,0
DA:308,0
DA:309,0
DA:310,0
DA:315,0
DA:316,0
DA:317,0
DA:318,0
DA:321,0
DA:326,0
DA:327,0
DA:328,0
DA:329,0
DA:330,0
DA:332,0
DA:333,0
DA:338,0
DA:339,0
DA:340,0
LF:58
LH:0
BRDA:71,0,0,0
BRDA:71,0,1,0
BRDA:88,1,0,0
BRDA:88,1,1,0
BRDA:149,2,0,0
BRDA:149,2,1,0
BRDA:151,3,0,0
BRDA:151,3,1,0
BRDA:159,4,0,0
BRDA:159,4,1,0
BRDA:159,5,0,0
BRDA:159,5,1,0
BRDA:286,6,0,0
BRDA:286,6,1,0
BRDA:287,7,0,0
BRDA:287,7,1,0
BRDA:288,8,0,0
BRDA:288,8,1,0
BRDA:289,9,0,0
BRDA:289,9,1,0
BRDA:316,10,0,0
BRDA:316,10,1,0
BRDA:317,11,0,0
BRDA:317,11,1,0
BRDA:327,12,0,0
BRDA:327,12,1,0
BRDA:339,13,0,0
BRDA:339,13,1,0
BRF:28
BRH:0
end_of_record
TN:
SF:src\styles\base.js
FNF:0
FNH:0
DA:1,0
LF:1
LH:0
BRF:0
BRH:0
end_of_record
TN:
SF:src\styles\input.js
FNF:0
FNH:0
DA:1,0
LF:1
LH:0
BRF:0
BRH:0
end_of_record
TN:
SF:src\utils\n8n.js
FN:4,(anonymous_0)
FN:9,(anonymous_1)
FN:19,(anonymous_2)
FN:29,(anonymous_3)
FN:42,(anonymous_4)
FNF:5
FNH:0
FNDA:0,(anonymous_0)
FNDA:0,(anonymous_1)
FNDA:0,(anonymous_2)
FNDA:0,(anonymous_3)
FNDA:0,(anonymous_4)
DA:4,0
DA:8,0
DA:10,0
DA:11,0
DA:12,0
DA:14,0
DA:15,0
DA:20,0
DA:21,0
DA:22,0
DA:24,0
DA:25,0
DA:30,0
DA:31,0
DA:32,0
DA:34,0
DA:35,0
DA:41,0
DA:43,0
DA:45,0
DA:47,0
DA:55,0
DA:56,0
DA:57,0
DA:58,0
DA:61,0
DA:63,0
DA:67,0
DA:68,0
DA:69,0
DA:71,0
DA:72,0
DA:75,0
DA:76,0
LF:34
LH:0
BRDA:43,0,0,0
BRDA:43,0,1,0
BRDA:58,1,0,0
BRDA:58,1,1,0
BRDA:61,2,0,0
BRDA:61,2,1,0
BRF:6
BRH:0
end_of_record
TN:
SF:src\utils\supabase.js
FN:4,(anonymous_0)
FN:9,(anonymous_1)
FN:23,(anonymous_2)
FN:29,(anonymous_3)
FN:38,(anonymous_4)
FN:48,(anonymous_5)
FN:53,(anonymous_6)
FN:63,(anonymous_7)
FN:70,(anonymous_8)
FNF:9
FNH:0
FNDA:0,(anonymous_0)
FNDA:0,(anonymous_1)
FNDA:0,(anonymous_2)
FNDA:0,(anonymous_3)
FNDA:0,(anonymous_4)
FNDA:0,(anonymous_5)
FNDA:0,(anonymous_6)
FNDA:0,(anonymous_7)
FNDA:0,(anonymous_8)
DA:4,0
DA:8,0
DA:11,0
DA:25,0
DA:26,0
DA:31,0
DA:32,0
DA:37,0
DA:39,0
DA:50,0
DA:54,0
DA:64,0
DA:69,0
DA:72,0
LF:14
LH:0
BRF:0
BRH:0
end_of_record
